2025-08-24 22:40:41 INFO: 404 Not Found: /content/dam/temasek-corporate/home/logos-icons/2024/Logos_FB.svg/_jcr_content/renditions/original
2025-08-24 22:40:41 INFO: 404 Not Found: /content/dam/temasek-corporate/home/logos-icons/logo_Instagram.svg/_jcr_content/renditions/original
2025-08-24 22:40:41 INFO: 404 Not Found: /content/dam/temasek-corporate/home/logos-icons/2024/Logos_LinkedIn.svg/_jcr_content/renditions/original
2025-08-24 22:40:41 INFO: 404 Not Found: /content/dam/temasek-corporate/home/logos-icons/2024/Logos_Telegram.svg/_jcr_content/renditions/original
2025-08-24 22:40:41 INFO: 404 Not Found: /content/dam/temasek-corporate/home/logos-icons/2024/TR24_CW_Social Logos_Tiktok.svg/_jcr_content/renditions/original
2025-08-24 22:40:41 INFO: 404 Not Found: /content/dam/temasek-corporate/home/logos-icons/2024/Logos_Wechat.svg/_jcr_content/renditions/original
2025-08-24 22:40:41 INFO: 404 Not Found: /content/dam/temasek-corporate/home/logos-icons/2024/Logos_Whatsapp.svg/_jcr_content/renditions/original
2025-08-24 22:40:41 INFO: 404 Not Found: /content/dam/temasek-corporate/home/logos-icons/2024/Logos_X.svg/_jcr_content/renditions/original
2025-08-24 22:40:41 INFO: 404 Not Found: /content/dam/temasek-corporate/home/logos-icons/2024/Logos_Youtube.svg/_jcr_content/renditions/original
2025-08-24 22:40:49 INFO: 404 Not Found: /content/dam/temasek-corporate/home/logos-icons/logo_Instagram.svg/_jcr_content/renditions/original
2025-08-24 22:40:49 INFO: 404 Not Found: /content/dam/temasek-corporate/home/logos-icons/2024/Logos_FB.svg/_jcr_content/renditions/original
2025-08-24 22:40:49 INFO: 404 Not Found: /content/dam/temasek-corporate/home/logos-icons/2024/Logos_LinkedIn.svg/_jcr_content/renditions/original
2025-08-24 22:40:50 INFO: 404 Not Found: /content/dam/temasek-corporate/home/logos-icons/2024/Logos_Telegram.svg/_jcr_content/renditions/original
2025-08-24 22:40:50 INFO: 404 Not Found: /content/dam/temasek-corporate/home/logos-icons/2024/TR24_CW_Social Logos_Tiktok.svg/_jcr_content/renditions/original
2025-08-24 22:40:50 INFO: 404 Not Found: /content/dam/temasek-corporate/home/logos-icons/2024/Logos_Wechat.svg/_jcr_content/renditions/original
2025-08-24 22:40:50 INFO: 404 Not Found: /content/dam/temasek-corporate/home/logos-icons/2024/Logos_Whatsapp.svg/_jcr_content/renditions/original
2025-08-24 22:40:50 INFO: 404 Not Found: /content/dam/temasek-corporate/home/logos-icons/2024/Logos_X.svg/_jcr_content/renditions/original
2025-08-24 22:40:50 INFO: 404 Not Found: /content/dam/temasek-corporate/home/logos-icons/2024/Logos_Youtube.svg/_jcr_content/renditions/original
2025-08-24 22:41:12 INFO: 404 Not Found: /content/dam/temasek-corporate/home/banner-images/SINGAPORE_Office_2023-4-banner-desktop.jpg
2025-08-24 22:41:12 INFO: 404 Not Found: /content/dam/temasek-corporate/about-us/teasers/map-icon-white.png
2025-08-24 22:41:12 INFO: 404 Not Found: /content/dam/temasek-corporate/about-us/teasers/soil-hand.png
2025-08-24 22:41:12 INFO: 404 Not Found: /content/dam/temasek-corporate/about-us/teasers/singapore_mbfc.jpg
2025-08-24 22:41:12 INFO: 404 Not Found: /content/dam/temasek-corporate/about-us/teasers/hand-shake.jpg
2025-08-24 22:41:12 INFO: 404 Not Found: /content/dam/temasek-corporate/about-us/banner-images/grow-your-career-with-us.jpg
2025-08-24 22:41:12 INFO: 404 Not Found: /content/dam/temasek-corporate/home/logos-icons/2024/Logos_FB.svg/_jcr_content/renditions/original
2025-08-24 22:41:12 INFO: 404 Not Found: /content/dam/temasek-corporate/home/logos-icons/logo_Instagram.svg/_jcr_content/renditions/original
2025-08-24 22:41:12 INFO: 404 Not Found: /content/dam/temasek-corporate/home/logos-icons/2024/Logos_LinkedIn.svg/_jcr_content/renditions/original
2025-08-24 22:41:12 INFO: 404 Not Found: /content/dam/temasek-corporate/home/logos-icons/2024/Logos_Telegram.svg/_jcr_content/renditions/original
2025-08-24 22:41:12 INFO: 404 Not Found: /content/dam/temasek-corporate/home/logos-icons/2024/TR24_CW_Social Logos_Tiktok.svg/_jcr_content/renditions/original
2025-08-24 22:41:12 INFO: 404 Not Found: /content/dam/temasek-corporate/home/logos-icons/2024/Logos_Whatsapp.svg/_jcr_content/renditions/original
2025-08-24 22:41:12 INFO: 404 Not Found: /content/dam/temasek-corporate/home/logos-icons/2024/Logos_Wechat.svg/_jcr_content/renditions/original
2025-08-24 22:41:12 INFO: 404 Not Found: /content/dam/temasek-corporate/home/logos-icons/2024/Logos_X.svg/_jcr_content/renditions/original
2025-08-24 22:41:13 INFO: 404 Not Found: /content/dam/temasek-corporate/home/logos-icons/2024/Logos_Youtube.svg/_jcr_content/renditions/original
2025-08-24 22:41:13 INFO: 404 Not Found: /content/dam/temasek-corporate/home/banner-images/SINGAPORE_Office_2023-4-banner-desktop.jpg
2025-08-24 22:41:13 INFO: 404 Not Found: /content/dam/temasek-corporate/about-us/banner-images/grow-your-career-with-us.jpg
2025-08-24 22:41:14 INFO: 404 Not Found: /content/dam/temasek-corporate/our-financials/banner-images/our-financials-faq.jpg
2025-08-24 22:41:15 INFO: 404 Not Found: /content/dam/temasek-corporate/home/logos-icons/2024/Logos_FB.svg/_jcr_content/renditions/original
2025-08-24 22:41:15 INFO: 404 Not Found: /content/dam/temasek-corporate/home/logos-icons/logo_Instagram.svg/_jcr_content/renditions/original
2025-08-24 22:41:15 INFO: 404 Not Found: /content/dam/temasek-corporate/home/logos-icons/2024/Logos_LinkedIn.svg/_jcr_content/renditions/original
2025-08-24 22:41:15 INFO: 404 Not Found: /content/dam/temasek-corporate/home/logos-icons/2024/Logos_Telegram.svg/_jcr_content/renditions/original
2025-08-24 22:41:15 INFO: 404 Not Found: /content/dam/temasek-corporate/home/logos-icons/2024/TR24_CW_Social Logos_Tiktok.svg/_jcr_content/renditions/original
2025-08-24 22:41:15 INFO: 404 Not Found: /content/dam/temasek-corporate/home/logos-icons/2024/Logos_Whatsapp.svg/_jcr_content/renditions/original
2025-08-24 22:41:15 INFO: 404 Not Found: /content/dam/temasek-corporate/home/logos-icons/2024/Logos_Wechat.svg/_jcr_content/renditions/original
2025-08-24 22:41:15 INFO: 404 Not Found: /content/dam/temasek-corporate/home/logos-icons/2024/Logos_X.svg/_jcr_content/renditions/original
2025-08-24 22:41:15 INFO: 404 Not Found: /content/dam/temasek-corporate/home/logos-icons/2024/Logos_Youtube.svg/_jcr_content/renditions/original
2025-08-24 22:41:15 INFO: 404 Not Found: /content/dam/temasek-corporate/our-financials/banner-images/our-financials-faq.jpg
2025-08-24 22:41:17 INFO: 404 Not Found: /content/dam/temasek-corporate/home/logos-icons/2024/Logos_FB.svg/_jcr_content/renditions/original
2025-08-24 22:41:17 INFO: 404 Not Found: /content/dam/temasek-corporate/home/logos-icons/logo_Instagram.svg/_jcr_content/renditions/original
2025-08-24 22:41:17 INFO: 404 Not Found: /content/dam/temasek-corporate/home/logos-icons/2024/Logos_LinkedIn.svg/_jcr_content/renditions/original
2025-08-24 22:41:17 INFO: 404 Not Found: /content/dam/temasek-corporate/home/logos-icons/2024/Logos_Telegram.svg/_jcr_content/renditions/original
2025-08-24 22:41:17 INFO: 404 Not Found: /content/dam/temasek-corporate/home/logos-icons/2024/TR24_CW_Social Logos_Tiktok.svg/_jcr_content/renditions/original
2025-08-24 22:41:17 INFO: 404 Not Found: /content/dam/temasek-corporate/home/logos-icons/2024/Logos_Wechat.svg/_jcr_content/renditions/original
2025-08-24 22:41:17 INFO: 404 Not Found: /content/dam/temasek-corporate/home/logos-icons/2024/Logos_Whatsapp.svg/_jcr_content/renditions/original
2025-08-24 22:41:17 INFO: 404 Not Found: /content/dam/temasek-corporate/home/logos-icons/2024/Logos_X.svg/_jcr_content/renditions/original
2025-08-24 22:41:17 INFO: 404 Not Found: /content/dam/temasek-corporate/home/logos-icons/2024/Logos_Youtube.svg/_jcr_content/renditions/original
2025-08-24 22:41:17 INFO: 404 Not Found: /etc.clientlibs/temasek-corporate/clientlibs/base/resources/fonts/Roboto-Italic.woff2
2025-08-24 22:41:17 INFO: 404 Not Found: /etc.clientlibs/temasek-corporate/clientlibs/base/resources/fonts/Roboto-Italic.woff
2025-08-24 22:41:17 INFO: 404 Not Found: /etc.clientlibs/temasek-corporate/clientlibs/base/resources/fonts/Roboto-Italic.ttf
2025-08-24 22:41:23 INFO: 404 Not Found: /content/dam/temasek-corporate/home/logos-icons/2024/Logos_FB.svg/_jcr_content/renditions/original
2025-08-24 22:41:23 INFO: 404 Not Found: /content/dam/temasek-corporate/home/logos-icons/logo_Instagram.svg/_jcr_content/renditions/original
2025-08-24 22:41:23 INFO: 404 Not Found: /content/dam/temasek-corporate/home/logos-icons/2024/Logos_LinkedIn.svg/_jcr_content/renditions/original
2025-08-24 22:41:23 INFO: 404 Not Found: /content/dam/temasek-corporate/home/logos-icons/2024/TR24_CW_Social Logos_Tiktok.svg/_jcr_content/renditions/original
2025-08-24 22:41:23 INFO: 404 Not Found: /content/dam/temasek-corporate/home/logos-icons/2024/Logos_Telegram.svg/_jcr_content/renditions/original
2025-08-24 22:41:23 INFO: 404 Not Found: /content/dam/temasek-corporate/home/logos-icons/2024/Logos_Wechat.svg/_jcr_content/renditions/original
2025-08-24 22:41:23 INFO: 404 Not Found: /content/dam/temasek-corporate/home/logos-icons/2024/Logos_Whatsapp.svg/_jcr_content/renditions/original
2025-08-24 22:41:23 INFO: 404 Not Found: /content/dam/temasek-corporate/home/logos-icons/2024/Logos_X.svg/_jcr_content/renditions/original
2025-08-24 22:41:23 INFO: 404 Not Found: /content/dam/temasek-corporate/home/logos-icons/2024/Logos_Youtube.svg/_jcr_content/renditions/original
2025-08-24 22:41:26 INFO: 404 Not Found: /zh/login
2025-08-24 22:41:27 INFO: 404 Not Found: /content/dam/temasek-corporate/home/logos-icons/2024/Logos_FB.svg/_jcr_content/renditions/original
2025-08-24 22:41:27 INFO: 404 Not Found: /content/dam/temasek-corporate/home/logos-icons/logo_Instagram.svg/_jcr_content/renditions/original
2025-08-24 22:41:27 INFO: 404 Not Found: /content/dam/temasek-corporate/home/logos-icons/2024/Logos_LinkedIn.svg/_jcr_content/renditions/original
2025-08-24 22:41:27 INFO: 404 Not Found: /content/dam/temasek-corporate/home/logos-icons/2024/Logos_Telegram.svg/_jcr_content/renditions/original
2025-08-24 22:41:27 INFO: 404 Not Found: /content/dam/temasek-corporate/home/logos-icons/2024/TR24_CW_Social Logos_Tiktok.svg/_jcr_content/renditions/original
2025-08-24 22:41:27 INFO: 404 Not Found: /content/dam/temasek-corporate/home/logos-icons/2024/Logos_Wechat.svg/_jcr_content/renditions/original
2025-08-24 22:41:27 INFO: 404 Not Found: /content/dam/temasek-corporate/home/logos-icons/2024/Logos_Whatsapp.svg/_jcr_content/renditions/original
2025-08-24 22:41:27 INFO: 404 Not Found: /content/dam/temasek-corporate/home/logos-icons/2024/Logos_X.svg/_jcr_content/renditions/original
2025-08-24 22:41:27 INFO: 404 Not Found: /content/dam/temasek-corporate/home/logos-icons/2024/Logos_Youtube.svg/_jcr_content/renditions/original
2025-08-24 22:46:29 INFO: 404 Not Found: /content/dam/temasek-corporate/home/logos-icons/2024/Logos_FB.svg/_jcr_content/renditions/original
2025-08-24 22:46:29 INFO: 404 Not Found: /content/dam/temasek-corporate/home/logos-icons/logo_Instagram.svg/_jcr_content/renditions/original
2025-08-24 22:46:30 INFO: 404 Not Found: /content/dam/temasek-corporate/home/logos-icons/2024/Logos_LinkedIn.svg/_jcr_content/renditions/original
2025-08-24 22:46:30 INFO: 404 Not Found: /content/dam/temasek-corporate/home/logos-icons/2024/Logos_Telegram.svg/_jcr_content/renditions/original
2025-08-24 22:46:30 INFO: 404 Not Found: /content/dam/temasek-corporate/home/logos-icons/2024/TR24_CW_Social Logos_Tiktok.svg/_jcr_content/renditions/original
2025-08-24 22:46:30 INFO: 404 Not Found: /content/dam/temasek-corporate/home/logos-icons/2024/Logos_Wechat.svg/_jcr_content/renditions/original
2025-08-24 22:46:30 INFO: 404 Not Found: /content/dam/temasek-corporate/home/logos-icons/2024/Logos_Whatsapp.svg/_jcr_content/renditions/original
2025-08-24 22:46:30 INFO: 404 Not Found: /content/dam/temasek-corporate/home/logos-icons/2024/Logos_X.svg/_jcr_content/renditions/original
2025-08-24 22:46:30 INFO: 404 Not Found: /content/dam/temasek-corporate/home/logos-icons/2024/Logos_Youtube.svg/_jcr_content/renditions/original
2025-08-24 22:49:14 INFO: 404 Not Found: /content/dam/temasek-corporate/home/logos-icons/2024/Logos_FB.svg/_jcr_content/renditions/original
2025-08-24 22:49:14 INFO: 404 Not Found: /content/dam/temasek-corporate/home/logos-icons/logo_Instagram.svg/_jcr_content/renditions/original
2025-08-24 22:49:14 INFO: 404 Not Found: /content/dam/temasek-corporate/home/logos-icons/2024/Logos_LinkedIn.svg/_jcr_content/renditions/original
2025-08-24 22:49:14 INFO: 404 Not Found: /content/dam/temasek-corporate/home/logos-icons/2024/Logos_Telegram.svg/_jcr_content/renditions/original
2025-08-24 22:49:14 INFO: 404 Not Found: /content/dam/temasek-corporate/home/logos-icons/2024/TR24_CW_Social Logos_Tiktok.svg/_jcr_content/renditions/original
2025-08-24 22:49:14 INFO: 404 Not Found: /content/dam/temasek-corporate/home/logos-icons/2024/Logos_Wechat.svg/_jcr_content/renditions/original
2025-08-24 22:49:14 INFO: 404 Not Found: /content/dam/temasek-corporate/home/logos-icons/2024/Logos_Whatsapp.svg/_jcr_content/renditions/original
2025-08-24 22:49:15 INFO: 404 Not Found: /content/dam/temasek-corporate/home/logos-icons/2024/Logos_X.svg/_jcr_content/renditions/original
2025-08-24 22:49:15 INFO: 404 Not Found: /content/dam/temasek-corporate/home/logos-icons/2024/Logos_Youtube.svg/_jcr_content/renditions/original
2025-08-24 22:50:37 INFO: 404 Not Found: /content/dam/temasek-corporate/home/logos-icons/2024/Logos_FB.svg/_jcr_content/renditions/original
2025-08-24 22:50:37 INFO: 404 Not Found: /content/dam/temasek-corporate/home/logos-icons/logo_Instagram.svg/_jcr_content/renditions/original
2025-08-24 22:50:38 INFO: 404 Not Found: /content/dam/temasek-corporate/home/logos-icons/2024/Logos_LinkedIn.svg/_jcr_content/renditions/original
2025-08-24 22:50:38 INFO: 404 Not Found: /content/dam/temasek-corporate/home/logos-icons/2024/Logos_Telegram.svg/_jcr_content/renditions/original
2025-08-24 22:50:38 INFO: 404 Not Found: /content/dam/temasek-corporate/home/logos-icons/2024/TR24_CW_Social Logos_Tiktok.svg/_jcr_content/renditions/original
2025-08-24 22:50:38 INFO: 404 Not Found: /content/dam/temasek-corporate/home/logos-icons/2024/Logos_Wechat.svg/_jcr_content/renditions/original
2025-08-24 22:50:38 INFO: 404 Not Found: /content/dam/temasek-corporate/home/logos-icons/2024/Logos_Whatsapp.svg/_jcr_content/renditions/original
2025-08-24 22:50:38 INFO: 404 Not Found: /content/dam/temasek-corporate/home/logos-icons/2024/Logos_X.svg/_jcr_content/renditions/original
2025-08-24 22:50:38 INFO: 404 Not Found: /content/dam/temasek-corporate/home/logos-icons/2024/Logos_Youtube.svg/_jcr_content/renditions/original
2025-08-24 22:50:45 INFO: 404 Not Found: /zh/login
2025-08-24 22:50:46 INFO: 404 Not Found: /content/dam/temasek-corporate/home/logos-icons/2024/Logos_FB.svg/_jcr_content/renditions/original
2025-08-24 22:50:46 INFO: 404 Not Found: /content/dam/temasek-corporate/home/logos-icons/logo_Instagram.svg/_jcr_content/renditions/original
2025-08-24 22:50:46 INFO: 404 Not Found: /content/dam/temasek-corporate/home/logos-icons/2024/Logos_Telegram.svg/_jcr_content/renditions/original
2025-08-24 22:50:46 INFO: 404 Not Found: /content/dam/temasek-corporate/home/logos-icons/2024/TR24_CW_Social Logos_Tiktok.svg/_jcr_content/renditions/original
2025-08-24 22:50:46 INFO: 404 Not Found: /content/dam/temasek-corporate/home/logos-icons/2024/Logos_LinkedIn.svg/_jcr_content/renditions/original
2025-08-24 22:50:46 INFO: 404 Not Found: /content/dam/temasek-corporate/home/logos-icons/2024/Logos_Wechat.svg/_jcr_content/renditions/original
2025-08-24 22:50:46 INFO: 404 Not Found: /content/dam/temasek-corporate/home/logos-icons/2024/Logos_Whatsapp.svg/_jcr_content/renditions/original
2025-08-24 22:50:46 INFO: 404 Not Found: /content/dam/temasek-corporate/home/logos-icons/2024/Logos_X.svg/_jcr_content/renditions/original
2025-08-24 22:50:46 INFO: 404 Not Found: /content/dam/temasek-corporate/home/logos-icons/2024/Logos_Youtube.svg/_jcr_content/renditions/original
2025-08-24 22:50:49 INFO: 404 Not Found: /content/dam/temasek-corporate/home/logos-icons/2024/Logos_FB.svg/_jcr_content/renditions/original
2025-08-24 22:50:49 INFO: 404 Not Found: /content/dam/temasek-corporate/home/logos-icons/logo_Instagram.svg/_jcr_content/renditions/original
2025-08-24 22:50:49 INFO: 404 Not Found: /content/dam/temasek-corporate/home/logos-icons/2024/Logos_LinkedIn.svg/_jcr_content/renditions/original
2025-08-24 22:50:50 INFO: 404 Not Found: /content/dam/temasek-corporate/home/logos-icons/2024/Logos_Telegram.svg/_jcr_content/renditions/original
2025-08-24 22:50:50 INFO: 404 Not Found: /content/dam/temasek-corporate/home/logos-icons/2024/Logos_Wechat.svg/_jcr_content/renditions/original
2025-08-24 22:50:50 INFO: 404 Not Found: /content/dam/temasek-corporate/home/logos-icons/2024/TR24_CW_Social Logos_Tiktok.svg/_jcr_content/renditions/original
2025-08-24 22:50:50 INFO: 404 Not Found: /content/dam/temasek-corporate/home/logos-icons/2024/Logos_Whatsapp.svg/_jcr_content/renditions/original
2025-08-24 22:50:50 INFO: 404 Not Found: /content/dam/temasek-corporate/home/logos-icons/2024/Logos_X.svg/_jcr_content/renditions/original
2025-08-24 22:50:50 INFO: 404 Not Found: /content/dam/temasek-corporate/home/logos-icons/2024/Logos_Youtube.svg/_jcr_content/renditions/original
2025-08-24 22:51:06 INFO: 404 Not Found: /content/dam/temasek-corporate/home/logos-icons/2024/Logos_FB.svg/_jcr_content/renditions/original
2025-08-24 22:51:06 INFO: 404 Not Found: /content/dam/temasek-corporate/home/logos-icons/logo_Instagram.svg/_jcr_content/renditions/original
2025-08-24 22:51:06 INFO: 404 Not Found: /content/dam/temasek-corporate/home/logos-icons/2024/Logos_LinkedIn.svg/_jcr_content/renditions/original
2025-08-24 22:51:06 INFO: 404 Not Found: /content/dam/temasek-corporate/home/logos-icons/2024/Logos_Telegram.svg/_jcr_content/renditions/original
2025-08-24 22:51:06 INFO: 404 Not Found: /content/dam/temasek-corporate/home/logos-icons/2024/TR24_CW_Social Logos_Tiktok.svg/_jcr_content/renditions/original
2025-08-24 22:51:06 INFO: 404 Not Found: /content/dam/temasek-corporate/home/logos-icons/2024/Logos_Wechat.svg/_jcr_content/renditions/original
2025-08-24 22:51:06 INFO: 404 Not Found: /content/dam/temasek-corporate/home/logos-icons/2024/Logos_Whatsapp.svg/_jcr_content/renditions/original
2025-08-24 22:51:06 INFO: 404 Not Found: /content/dam/temasek-corporate/home/logos-icons/2024/Logos_X.svg/_jcr_content/renditions/original
2025-08-24 22:51:06 INFO: 404 Not Found: /content/dam/temasek-corporate/home/logos-icons/2024/Logos_Youtube.svg/_jcr_content/renditions/original
2025-08-24 22:51:09 INFO: 404 Not Found: /content/dam/temasek-corporate/home/logos-icons/logo_Instagram.svg/_jcr_content/renditions/original
2025-08-24 22:51:09 INFO: 404 Not Found: /content/dam/temasek-corporate/home/logos-icons/2024/Logos_FB.svg/_jcr_content/renditions/original
2025-08-24 22:51:09 INFO: 404 Not Found: /content/dam/temasek-corporate/home/logos-icons/2024/Logos_LinkedIn.svg/_jcr_content/renditions/original
2025-08-24 22:51:09 INFO: 404 Not Found: /content/dam/temasek-corporate/home/logos-icons/2024/Logos_Telegram.svg/_jcr_content/renditions/original
2025-08-24 22:51:09 INFO: 404 Not Found: /content/dam/temasek-corporate/home/logos-icons/2024/TR24_CW_Social Logos_Tiktok.svg/_jcr_content/renditions/original
2025-08-24 22:51:09 INFO: 404 Not Found: /content/dam/temasek-corporate/home/logos-icons/2024/Logos_Wechat.svg/_jcr_content/renditions/original
2025-08-24 22:51:09 INFO: 404 Not Found: /content/dam/temasek-corporate/home/logos-icons/2024/Logos_Whatsapp.svg/_jcr_content/renditions/original
2025-08-24 22:51:09 INFO: 404 Not Found: /content/dam/temasek-corporate/home/logos-icons/2024/Logos_X.svg/_jcr_content/renditions/original
2025-08-24 22:51:09 INFO: 404 Not Found: /content/dam/temasek-corporate/home/logos-icons/2024/Logos_Youtube.svg/_jcr_content/renditions/original
2025-08-24 22:51:15 INFO: 404 Not Found: /.well-known/appspecific/com.chrome.devtools.json
2025-08-24 22:51:49 INFO: 404 Not Found: /.well-known/appspecific/com.chrome.devtools.json
2025-08-24 22:51:50 INFO: 404 Not Found: /content/dam/temasek-corporate/home/logos-icons/2024/Logos_FB.svg/_jcr_content/renditions/original
2025-08-24 22:51:50 INFO: 404 Not Found: /content/dam/temasek-corporate/home/logos-icons/logo_Instagram.svg/_jcr_content/renditions/original
2025-08-24 22:51:50 INFO: 404 Not Found: /content/dam/temasek-corporate/home/logos-icons/2024/Logos_LinkedIn.svg/_jcr_content/renditions/original
2025-08-24 22:51:50 INFO: 404 Not Found: /content/dam/temasek-corporate/home/logos-icons/2024/Logos_Telegram.svg/_jcr_content/renditions/original
2025-08-24 22:51:50 INFO: 404 Not Found: /content/dam/temasek-corporate/home/logos-icons/2024/TR24_CW_Social Logos_Tiktok.svg/_jcr_content/renditions/original
2025-08-24 22:51:50 INFO: 404 Not Found: /content/dam/temasek-corporate/home/logos-icons/2024/Logos_Wechat.svg/_jcr_content/renditions/original
2025-08-24 22:51:50 INFO: 404 Not Found: /content/dam/temasek-corporate/home/logos-icons/2024/Logos_Whatsapp.svg/_jcr_content/renditions/original
2025-08-24 22:51:50 INFO: 404 Not Found: /content/dam/temasek-corporate/home/logos-icons/2024/Logos_X.svg/_jcr_content/renditions/original
2025-08-24 22:51:50 INFO: 404 Not Found: /content/dam/temasek-corporate/home/logos-icons/2024/Logos_Youtube.svg/_jcr_content/renditions/original
2025-08-24 22:52:21 INFO: 404 Not Found: /content/dam/temasek-corporate/our-investments/how-we-invest.jpg
2025-08-24 22:52:21 INFO: 404 Not Found: /content/dam/temasek-corporate/our-investments/portfolio-for-generations.jpg
2025-08-24 22:52:21 INFO: 404 Not Found: /content/dam/temasek-corporate/home/logos-icons/2024/Logos_FB.svg/_jcr_content/renditions/original
2025-08-24 22:52:21 INFO: 404 Not Found: /content/dam/temasek-corporate/home/logos-icons/logo_Instagram.svg/_jcr_content/renditions/original
2025-08-24 22:52:21 INFO: 404 Not Found: /content/dam/temasek-corporate/home/logos-icons/2024/Logos_LinkedIn.svg/_jcr_content/renditions/original
2025-08-24 22:52:21 INFO: 404 Not Found: /content/dam/temasek-corporate/home/logos-icons/2024/Logos_Telegram.svg/_jcr_content/renditions/original
2025-08-24 22:52:21 INFO: 404 Not Found: /content/dam/temasek-corporate/home/logos-icons/2024/TR24_CW_Social Logos_Tiktok.svg/_jcr_content/renditions/original
2025-08-24 22:52:21 INFO: 404 Not Found: /content/dam/temasek-corporate/home/logos-icons/2024/Logos_Wechat.svg/_jcr_content/renditions/original
2025-08-24 22:52:21 INFO: 404 Not Found: /content/dam/temasek-corporate/home/logos-icons/2024/Logos_Whatsapp.svg/_jcr_content/renditions/original
2025-08-24 22:52:22 INFO: 404 Not Found: /content/dam/temasek-corporate/home/logos-icons/2024/Logos_X.svg/_jcr_content/renditions/original
2025-08-24 22:52:22 INFO: 404 Not Found: /content/dam/temasek-corporate/home/logos-icons/2024/Logos_Youtube.svg/_jcr_content/renditions/original
2025-08-24 22:52:22 INFO: 404 Not Found: /content/dam/temasek-corporate/our-investments/how-we-invest.jpg
2025-08-24 22:52:22 INFO: 404 Not Found: /content/dam/temasek-corporate/our-investments/portfolio-for-generations.jpg
2025-08-24 22:52:30 INFO: 404 Not Found: /.well-known/appspecific/com.chrome.devtools.json
2025-08-24 22:52:31 INFO: 404 Not Found: /content/dam/temasek-corporate/home/logos-icons/2024/Logos_FB.svg/_jcr_content/renditions/original
2025-08-24 22:52:31 INFO: 404 Not Found: /content/dam/temasek-corporate/home/logos-icons/logo_Instagram.svg/_jcr_content/renditions/original
2025-08-24 22:52:31 INFO: 404 Not Found: /content/dam/temasek-corporate/home/logos-icons/2024/Logos_LinkedIn.svg/_jcr_content/renditions/original
2025-08-24 22:52:31 INFO: 404 Not Found: /content/dam/temasek-corporate/home/logos-icons/2024/Logos_Telegram.svg/_jcr_content/renditions/original
2025-08-24 22:52:31 INFO: 404 Not Found: /content/dam/temasek-corporate/home/logos-icons/2024/TR24_CW_Social Logos_Tiktok.svg/_jcr_content/renditions/original
2025-08-24 22:52:31 INFO: 404 Not Found: /content/dam/temasek-corporate/home/logos-icons/2024/Logos_Wechat.svg/_jcr_content/renditions/original
2025-08-24 22:52:31 INFO: 404 Not Found: /content/dam/temasek-corporate/home/logos-icons/2024/Logos_Whatsapp.svg/_jcr_content/renditions/original
2025-08-24 22:52:31 INFO: 404 Not Found: /content/dam/temasek-corporate/home/logos-icons/2024/Logos_X.svg/_jcr_content/renditions/original
2025-08-24 22:52:31 INFO: 404 Not Found: /content/dam/temasek-corporate/home/logos-icons/2024/Logos_Youtube.svg/_jcr_content/renditions/original
2025-08-24 23:19:13 INFO: 404 Not Found: /.well-known/appspecific/com.chrome.devtools.json
2025-08-24 23:19:16 INFO: 404 Not Found: /content/dam/temasek-corporate/home/logos-icons/2024/Logos_FB.svg/_jcr_content/renditions/original
2025-08-24 23:19:16 INFO: 404 Not Found: /content/dam/temasek-corporate/home/logos-icons/logo_Instagram.svg/_jcr_content/renditions/original
2025-08-24 23:19:16 INFO: 404 Not Found: /content/dam/temasek-corporate/home/logos-icons/2024/Logos_LinkedIn.svg/_jcr_content/renditions/original
2025-08-24 23:19:16 INFO: 404 Not Found: /content/dam/temasek-corporate/home/logos-icons/2024/Logos_Telegram.svg/_jcr_content/renditions/original
2025-08-24 23:19:16 INFO: 404 Not Found: /content/dam/temasek-corporate/home/logos-icons/2024/TR24_CW_Social Logos_Tiktok.svg/_jcr_content/renditions/original
2025-08-24 23:19:16 INFO: 404 Not Found: /content/dam/temasek-corporate/home/logos-icons/2024/Logos_Wechat.svg/_jcr_content/renditions/original
2025-08-24 23:19:16 INFO: 404 Not Found: /content/dam/temasek-corporate/home/logos-icons/2024/Logos_Whatsapp.svg/_jcr_content/renditions/original
2025-08-24 23:19:16 INFO: 404 Not Found: /content/dam/temasek-corporate/home/logos-icons/2024/Logos_X.svg/_jcr_content/renditions/original
2025-08-24 23:19:16 INFO: 404 Not Found: /content/dam/temasek-corporate/home/logos-icons/2024/Logos_Youtube.svg/_jcr_content/renditions/original
2025-08-24 23:19:21 INFO: 404 Not Found: /.well-known/appspecific/com.chrome.devtools.json
2025-08-24 23:19:23 INFO: 404 Not Found: /content/dam/temasek-corporate/home/logos-icons/2024/Logos_FB.svg/_jcr_content/renditions/original
2025-08-24 23:19:23 INFO: 404 Not Found: /content/dam/temasek-corporate/home/logos-icons/logo_Instagram.svg/_jcr_content/renditions/original
2025-08-24 23:19:23 INFO: 404 Not Found: /content/dam/temasek-corporate/home/logos-icons/2024/Logos_LinkedIn.svg/_jcr_content/renditions/original
2025-08-24 23:19:23 INFO: 404 Not Found: /content/dam/temasek-corporate/home/logos-icons/2024/Logos_Telegram.svg/_jcr_content/renditions/original
2025-08-24 23:19:23 INFO: 404 Not Found: /content/dam/temasek-corporate/home/logos-icons/2024/TR24_CW_Social Logos_Tiktok.svg/_jcr_content/renditions/original
2025-08-24 23:19:23 INFO: 404 Not Found: /content/dam/temasek-corporate/home/logos-icons/2024/Logos_Wechat.svg/_jcr_content/renditions/original
2025-08-24 23:19:23 INFO: 404 Not Found: /content/dam/temasek-corporate/home/logos-icons/2024/Logos_Whatsapp.svg/_jcr_content/renditions/original
2025-08-24 23:19:23 INFO: 404 Not Found: /content/dam/temasek-corporate/home/logos-icons/2024/Logos_X.svg/_jcr_content/renditions/original
2025-08-24 23:19:24 INFO: 404 Not Found: /content/dam/temasek-corporate/home/logos-icons/2024/Logos_Youtube.svg/_jcr_content/renditions/original
2025-08-24 23:19:36 INFO: 404 Not Found: /.well-known/appspecific/com.chrome.devtools.json
2025-08-24 23:19:37 INFO: 404 Not Found: /content/dam/temasek-corporate/home/logos-icons/2024/Logos_FB.svg/_jcr_content/renditions/original
2025-08-24 23:19:37 INFO: 404 Not Found: /content/dam/temasek-corporate/home/logos-icons/logo_Instagram.svg/_jcr_content/renditions/original
2025-08-24 23:19:37 INFO: 404 Not Found: /content/dam/temasek-corporate/home/logos-icons/2024/Logos_LinkedIn.svg/_jcr_content/renditions/original
2025-08-24 23:19:37 INFO: 404 Not Found: /content/dam/temasek-corporate/home/logos-icons/2024/Logos_Telegram.svg/_jcr_content/renditions/original
2025-08-24 23:19:37 INFO: 404 Not Found: /content/dam/temasek-corporate/home/logos-icons/2024/TR24_CW_Social Logos_Tiktok.svg/_jcr_content/renditions/original
2025-08-24 23:19:38 INFO: 404 Not Found: /content/dam/temasek-corporate/home/logos-icons/2024/Logos_Wechat.svg/_jcr_content/renditions/original
2025-08-24 23:19:38 INFO: 404 Not Found: /content/dam/temasek-corporate/home/logos-icons/2024/Logos_Whatsapp.svg/_jcr_content/renditions/original
2025-08-24 23:19:38 INFO: 404 Not Found: /content/dam/temasek-corporate/home/logos-icons/2024/Logos_X.svg/_jcr_content/renditions/original
2025-08-24 23:19:38 INFO: 404 Not Found: /content/dam/temasek-corporate/home/logos-icons/2024/Logos_Youtube.svg/_jcr_content/renditions/original
2025-08-24 23:20:02 INFO: 404 Not Found: /.well-known/appspecific/com.chrome.devtools.json
2025-08-24 23:20:03 INFO: 404 Not Found: /content/dam/temasek-corporate/home/logos-icons/2024/Logos_FB.svg/_jcr_content/renditions/original
2025-08-24 23:20:03 INFO: 404 Not Found: /content/dam/temasek-corporate/home/logos-icons/logo_Instagram.svg/_jcr_content/renditions/original
2025-08-24 23:20:03 INFO: 404 Not Found: /content/dam/temasek-corporate/home/logos-icons/2024/Logos_LinkedIn.svg/_jcr_content/renditions/original
2025-08-24 23:20:03 INFO: 404 Not Found: /content/dam/temasek-corporate/home/logos-icons/2024/Logos_Telegram.svg/_jcr_content/renditions/original
2025-08-24 23:20:03 INFO: 404 Not Found: /content/dam/temasek-corporate/home/logos-icons/2024/TR24_CW_Social Logos_Tiktok.svg/_jcr_content/renditions/original
2025-08-24 23:20:03 INFO: 404 Not Found: /content/dam/temasek-corporate/home/logos-icons/2024/Logos_Wechat.svg/_jcr_content/renditions/original
2025-08-24 23:20:03 INFO: 404 Not Found: /content/dam/temasek-corporate/home/logos-icons/2024/Logos_Whatsapp.svg/_jcr_content/renditions/original
2025-08-24 23:20:03 INFO: 404 Not Found: /content/dam/temasek-corporate/home/logos-icons/2024/Logos_X.svg/_jcr_content/renditions/original
2025-08-24 23:20:03 INFO: 404 Not Found: /content/dam/temasek-corporate/home/logos-icons/2024/Logos_Youtube.svg/_jcr_content/renditions/original
2025-08-24 23:21:05 INFO: 404 Not Found: /content/dam/temasek-corporate/our-community/teasers/China_community_work.jpg
2025-08-24 23:21:05 INFO: 404 Not Found: /content/dam/temasek-corporate/our-community/teasers/tammy_singing_guitar.jpg
2025-08-24 23:21:06 INFO: 404 Not Found: /content/dam/temasek-corporate/our-community/teasers/T-Touch activities.jpg
2025-08-24 23:21:06 INFO: 404 Not Found: /content/dam/temasek-corporate/our-community/carousel-images/Endowment explainer.jpg
2025-08-24 23:21:06 INFO: 404 Not Found: /etc.clientlibs/temasek-corporate/clientlibs/base/resources/images/icons/video-play.png
2025-08-24 23:21:06 INFO: 404 Not Found: /content/dam/temasek-corporate/home/logos-icons/2024/Logos_FB.svg/_jcr_content/renditions/original
2025-08-24 23:21:06 INFO: 404 Not Found: /content/dam/temasek-corporate/home/logos-icons/logo_Instagram.svg/_jcr_content/renditions/original
2025-08-24 23:21:06 INFO: 404 Not Found: /content/dam/temasek-corporate/home/logos-icons/2024/Logos_LinkedIn.svg/_jcr_content/renditions/original
2025-08-24 23:21:06 INFO: 404 Not Found: /content/dam/temasek-corporate/home/logos-icons/2024/Logos_Telegram.svg/_jcr_content/renditions/original
2025-08-24 23:21:06 INFO: 404 Not Found: /content/dam/temasek-corporate/home/logos-icons/2024/TR24_CW_Social Logos_Tiktok.svg/_jcr_content/renditions/original
2025-08-24 23:21:06 INFO: 404 Not Found: /content/dam/temasek-corporate/home/logos-icons/2024/Logos_Wechat.svg/_jcr_content/renditions/original
2025-08-24 23:21:06 INFO: 404 Not Found: /content/dam/temasek-corporate/home/logos-icons/2024/Logos_Whatsapp.svg/_jcr_content/renditions/original
2025-08-24 23:21:06 INFO: 404 Not Found: /content/dam/temasek-corporate/home/logos-icons/2024/Logos_X.svg/_jcr_content/renditions/original
2025-08-24 23:21:06 INFO: 404 Not Found: /content/dam/temasek-corporate/home/logos-icons/2024/Logos_Youtube.svg/_jcr_content/renditions/original
2025-08-24 23:21:06 INFO: 404 Not Found: /content/dam/temasek-corporate/our-community/teasers/China_community_work.jpg
2025-08-24 23:21:06 INFO: 404 Not Found: /content/dam/temasek-corporate/our-community/teasers/tammy_singing_guitar.jpg
2025-08-24 23:21:06 INFO: 404 Not Found: /content/dam/temasek-corporate/our-community/teasers/T-Touch activities.jpg
2025-08-24 23:21:09 INFO: 404 Not Found: /content/dam/temasek-corporate/our-community/teasers/China_community_work.jpg
2025-08-24 23:21:09 INFO: 404 Not Found: /content/dam/temasek-corporate/our-community/teasers/tammy_singing_guitar.jpg
2025-08-24 23:21:09 INFO: 404 Not Found: /content/dam/temasek-corporate/our-community/teasers/T-Touch activities.jpg
2025-08-24 23:21:09 INFO: 404 Not Found: /content/dam/temasek-corporate/our-community/carousel-images/Endowment explainer.jpg
2025-08-24 23:21:09 INFO: 404 Not Found: /etc.clientlibs/temasek-corporate/clientlibs/base/resources/images/icons/video-play.png
2025-08-24 23:21:09 INFO: 404 Not Found: /content/dam/temasek-corporate/home/logos-icons/2024/Logos_FB.svg/_jcr_content/renditions/original
2025-08-24 23:21:09 INFO: 404 Not Found: /content/dam/temasek-corporate/home/logos-icons/logo_Instagram.svg/_jcr_content/renditions/original
2025-08-24 23:21:09 INFO: 404 Not Found: /content/dam/temasek-corporate/home/logos-icons/2024/Logos_LinkedIn.svg/_jcr_content/renditions/original
2025-08-24 23:21:09 INFO: 404 Not Found: /content/dam/temasek-corporate/home/logos-icons/2024/Logos_Telegram.svg/_jcr_content/renditions/original
2025-08-24 23:21:09 INFO: 404 Not Found: /content/dam/temasek-corporate/home/logos-icons/2024/TR24_CW_Social Logos_Tiktok.svg/_jcr_content/renditions/original
2025-08-24 23:21:09 INFO: 404 Not Found: /content/dam/temasek-corporate/home/logos-icons/2024/Logos_Wechat.svg/_jcr_content/renditions/original
2025-08-24 23:21:09 INFO: 404 Not Found: /content/dam/temasek-corporate/home/logos-icons/2024/Logos_Whatsapp.svg/_jcr_content/renditions/original
2025-08-24 23:21:09 INFO: 404 Not Found: /content/dam/temasek-corporate/home/logos-icons/2024/Logos_X.svg/_jcr_content/renditions/original
2025-08-24 23:21:09 INFO: 404 Not Found: /content/dam/temasek-corporate/home/logos-icons/2024/Logos_Youtube.svg/_jcr_content/renditions/original
2025-08-24 23:21:10 INFO: 404 Not Found: /content/dam/temasek-corporate/our-community/teasers/China_community_work.jpg
2025-08-24 23:21:10 INFO: 404 Not Found: /content/dam/temasek-corporate/our-community/teasers/tammy_singing_guitar.jpg
2025-08-24 23:21:10 INFO: 404 Not Found: /content/dam/temasek-corporate/our-community/teasers/T-Touch activities.jpg
2025-08-24 23:21:17 INFO: 404 Not Found: /content/dam/temasek-corporate/home/logos-icons/2024/Logos_FB.svg/_jcr_content/renditions/original
2025-08-24 23:21:17 INFO: 404 Not Found: /content/dam/temasek-corporate/home/logos-icons/logo_Instagram.svg/_jcr_content/renditions/original
2025-08-24 23:21:17 INFO: 404 Not Found: /content/dam/temasek-corporate/home/logos-icons/2024/Logos_LinkedIn.svg/_jcr_content/renditions/original
2025-08-24 23:21:17 INFO: 404 Not Found: /content/dam/temasek-corporate/home/logos-icons/2024/Logos_Telegram.svg/_jcr_content/renditions/original
2025-08-24 23:21:17 INFO: 404 Not Found: /content/dam/temasek-corporate/home/logos-icons/2024/TR24_CW_Social Logos_Tiktok.svg/_jcr_content/renditions/original
2025-08-24 23:21:17 INFO: 404 Not Found: /content/dam/temasek-corporate/home/logos-icons/2024/Logos_Wechat.svg/_jcr_content/renditions/original
2025-08-24 23:21:17 INFO: 404 Not Found: /content/dam/temasek-corporate/home/logos-icons/2024/Logos_Whatsapp.svg/_jcr_content/renditions/original
2025-08-24 23:21:17 INFO: 404 Not Found: /content/dam/temasek-corporate/home/logos-icons/2024/Logos_X.svg/_jcr_content/renditions/original
2025-08-24 23:21:17 INFO: 404 Not Found: /content/dam/temasek-corporate/home/logos-icons/2024/Logos_Youtube.svg/_jcr_content/renditions/original
2025-08-24 23:21:20 INFO: 404 Not Found: /.well-known/appspecific/com.chrome.devtools.json
2025-08-24 23:27:34 INFO: 404 Not Found: /.well-known/appspecific/com.chrome.devtools.json
2025-08-24 23:27:36 INFO: 404 Not Found: /content/dam/temasek-corporate/home/logos-icons/2024/Logos_FB.svg/_jcr_content/renditions/original
2025-08-24 23:27:36 INFO: 404 Not Found: /content/dam/temasek-corporate/home/logos-icons/logo_Instagram.svg/_jcr_content/renditions/original
2025-08-24 23:27:36 INFO: 404 Not Found: /content/dam/temasek-corporate/home/logos-icons/2024/Logos_LinkedIn.svg/_jcr_content/renditions/original
2025-08-24 23:27:36 INFO: 404 Not Found: /content/dam/temasek-corporate/home/logos-icons/2024/Logos_Telegram.svg/_jcr_content/renditions/original
2025-08-24 23:27:36 INFO: 404 Not Found: /content/dam/temasek-corporate/home/logos-icons/2024/TR24_CW_Social Logos_Tiktok.svg/_jcr_content/renditions/original
2025-08-24 23:27:36 INFO: 404 Not Found: /content/dam/temasek-corporate/home/logos-icons/2024/Logos_Wechat.svg/_jcr_content/renditions/original
2025-08-24 23:27:36 INFO: 404 Not Found: /content/dam/temasek-corporate/home/logos-icons/2024/Logos_Whatsapp.svg/_jcr_content/renditions/original
2025-08-24 23:27:36 INFO: 404 Not Found: /content/dam/temasek-corporate/home/logos-icons/2024/Logos_X.svg/_jcr_content/renditions/original
2025-08-24 23:27:36 INFO: 404 Not Found: /content/dam/temasek-corporate/home/logos-icons/2024/Logos_Youtube.svg/_jcr_content/renditions/original
2025-08-24 23:30:56 INFO: 404 Not Found: /content/dam/temasek-corporate/home/logos-icons/2024/Logos_FB.svg/_jcr_content/renditions/original
2025-08-24 23:30:56 INFO: 404 Not Found: /content/dam/temasek-corporate/home/logos-icons/logo_Instagram.svg/_jcr_content/renditions/original
2025-08-24 23:30:56 INFO: 404 Not Found: /content/dam/temasek-corporate/home/logos-icons/2024/Logos_LinkedIn.svg/_jcr_content/renditions/original
2025-08-24 23:30:56 INFO: 404 Not Found: /content/dam/temasek-corporate/home/logos-icons/2024/Logos_Telegram.svg/_jcr_content/renditions/original
2025-08-24 23:30:56 INFO: 404 Not Found: /content/dam/temasek-corporate/home/logos-icons/2024/TR24_CW_Social Logos_Tiktok.svg/_jcr_content/renditions/original
2025-08-24 23:30:57 INFO: 404 Not Found: /content/dam/temasek-corporate/home/logos-icons/2024/Logos_Wechat.svg/_jcr_content/renditions/original
2025-08-24 23:30:57 INFO: 404 Not Found: /content/dam/temasek-corporate/home/logos-icons/2024/Logos_Whatsapp.svg/_jcr_content/renditions/original
2025-08-24 23:30:57 INFO: 404 Not Found: /content/dam/temasek-corporate/home/logos-icons/2024/Logos_X.svg/_jcr_content/renditions/original
2025-08-24 23:30:57 INFO: 404 Not Found: /content/dam/temasek-corporate/home/logos-icons/2024/Logos_Youtube.svg/_jcr_content/renditions/original
2025-08-24 23:31:04 INFO: 404 Not Found: /.well-known/appspecific/com.chrome.devtools.json
2025-08-24 23:33:42 INFO: 404 Not Found: /.well-known/appspecific/com.chrome.devtools.json
2025-08-24 23:33:44 INFO: 404 Not Found: /content/dam/temasek-corporate/home/logos-icons/2024/Logos_FB.svg/_jcr_content/renditions/original
2025-08-24 23:33:44 INFO: 404 Not Found: /content/dam/temasek-corporate/home/logos-icons/logo_Instagram.svg/_jcr_content/renditions/original
2025-08-24 23:33:44 INFO: 404 Not Found: /content/dam/temasek-corporate/home/logos-icons/2024/Logos_Telegram.svg/_jcr_content/renditions/original
2025-08-24 23:33:44 INFO: 404 Not Found: /content/dam/temasek-corporate/home/logos-icons/2024/Logos_LinkedIn.svg/_jcr_content/renditions/original
2025-08-24 23:33:44 INFO: 404 Not Found: /content/dam/temasek-corporate/home/logos-icons/2024/TR24_CW_Social Logos_Tiktok.svg/_jcr_content/renditions/original
2025-08-24 23:33:44 INFO: 404 Not Found: /content/dam/temasek-corporate/home/logos-icons/2024/Logos_Wechat.svg/_jcr_content/renditions/original
2025-08-24 23:33:44 INFO: 404 Not Found: /content/dam/temasek-corporate/home/logos-icons/2024/Logos_Whatsapp.svg/_jcr_content/renditions/original
2025-08-24 23:33:44 INFO: 404 Not Found: /content/dam/temasek-corporate/home/logos-icons/2024/Logos_X.svg/_jcr_content/renditions/original
2025-08-24 23:33:44 INFO: 404 Not Found: /content/dam/temasek-corporate/home/logos-icons/2024/Logos_Youtube.svg/_jcr_content/renditions/original
2025-08-24 23:36:58 INFO: 404 Not Found: /.well-known/appspecific/com.chrome.devtools.json
2025-08-24 23:37:00 INFO: 404 Not Found: /content/dam/temasek-corporate/home/logos-icons/2024/Logos_FB.svg/_jcr_content/renditions/original
2025-08-24 23:37:00 INFO: 404 Not Found: /content/dam/temasek-corporate/home/logos-icons/logo_Instagram.svg/_jcr_content/renditions/original
2025-08-24 23:37:00 INFO: 404 Not Found: /content/dam/temasek-corporate/home/logos-icons/2024/Logos_LinkedIn.svg/_jcr_content/renditions/original
2025-08-24 23:37:00 INFO: 404 Not Found: /content/dam/temasek-corporate/home/logos-icons/2024/Logos_Telegram.svg/_jcr_content/renditions/original
2025-08-24 23:37:00 INFO: 404 Not Found: /content/dam/temasek-corporate/home/logos-icons/2024/TR24_CW_Social Logos_Tiktok.svg/_jcr_content/renditions/original
2025-08-24 23:37:00 INFO: 404 Not Found: /content/dam/temasek-corporate/home/logos-icons/2024/Logos_Wechat.svg/_jcr_content/renditions/original
2025-08-24 23:37:00 INFO: 404 Not Found: /content/dam/temasek-corporate/home/logos-icons/2024/Logos_Whatsapp.svg/_jcr_content/renditions/original
2025-08-24 23:37:00 INFO: 404 Not Found: /content/dam/temasek-corporate/home/logos-icons/2024/Logos_X.svg/_jcr_content/renditions/original
2025-08-24 23:37:00 INFO: 404 Not Found: /content/dam/temasek-corporate/home/logos-icons/2024/Logos_Youtube.svg/_jcr_content/renditions/original
2025-08-24 23:40:05 INFO: 404 Not Found: /.well-known/appspecific/com.chrome.devtools.json
2025-08-24 23:40:07 INFO: 404 Not Found: /content/dam/temasek-corporate/home/logos-icons/logo_Instagram.svg/_jcr_content/renditions/original
2025-08-24 23:40:07 INFO: 404 Not Found: /content/dam/temasek-corporate/home/logos-icons/2024/Logos_FB.svg/_jcr_content/renditions/original
2025-08-24 23:40:07 INFO: 404 Not Found: /content/dam/temasek-corporate/home/logos-icons/2024/Logos_LinkedIn.svg/_jcr_content/renditions/original
2025-08-24 23:40:07 INFO: 404 Not Found: /content/dam/temasek-corporate/home/logos-icons/2024/Logos_Telegram.svg/_jcr_content/renditions/original
2025-08-24 23:40:07 INFO: 404 Not Found: /content/dam/temasek-corporate/home/logos-icons/2024/TR24_CW_Social Logos_Tiktok.svg/_jcr_content/renditions/original
2025-08-24 23:40:07 INFO: 404 Not Found: /content/dam/temasek-corporate/home/logos-icons/2024/Logos_Wechat.svg/_jcr_content/renditions/original
2025-08-24 23:40:07 INFO: 404 Not Found: /content/dam/temasek-corporate/home/logos-icons/2024/Logos_Whatsapp.svg/_jcr_content/renditions/original
2025-08-24 23:40:07 INFO: 404 Not Found: /content/dam/temasek-corporate/home/logos-icons/2024/Logos_X.svg/_jcr_content/renditions/original
2025-08-24 23:40:07 INFO: 404 Not Found: /content/dam/temasek-corporate/home/logos-icons/2024/Logos_Youtube.svg/_jcr_content/renditions/original
2025-08-24 23:40:11 INFO: 404 Not Found: /content/dam/temasek-corporate/home/banner-images/SINGAPORE_Office_2023-4-banner-desktop.jpg
2025-08-24 23:40:11 INFO: 404 Not Found: /content/dam/temasek-corporate/about-us/teasers/map-icon-white.png
2025-08-24 23:40:11 INFO: 404 Not Found: /content/dam/temasek-corporate/about-us/teasers/soil-hand.png
2025-08-24 23:40:11 INFO: 404 Not Found: /content/dam/temasek-corporate/about-us/teasers/singapore_mbfc.jpg
2025-08-24 23:40:11 INFO: 404 Not Found: /content/dam/temasek-corporate/about-us/teasers/hand-shake.jpg
2025-08-24 23:40:11 INFO: 404 Not Found: /content/dam/temasek-corporate/about-us/banner-images/grow-your-career-with-us.jpg
2025-08-24 23:40:11 INFO: 404 Not Found: /content/dam/temasek-corporate/home/logos-icons/2024/Logos_FB.svg/_jcr_content/renditions/original
2025-08-24 23:40:11 INFO: 404 Not Found: /content/dam/temasek-corporate/home/logos-icons/logo_Instagram.svg/_jcr_content/renditions/original
2025-08-24 23:40:11 INFO: 404 Not Found: /content/dam/temasek-corporate/home/logos-icons/2024/Logos_LinkedIn.svg/_jcr_content/renditions/original
2025-08-24 23:40:11 INFO: 404 Not Found: /content/dam/temasek-corporate/home/logos-icons/2024/Logos_Telegram.svg/_jcr_content/renditions/original
2025-08-24 23:40:11 INFO: 404 Not Found: /content/dam/temasek-corporate/home/logos-icons/2024/TR24_CW_Social Logos_Tiktok.svg/_jcr_content/renditions/original
2025-08-24 23:40:11 INFO: 404 Not Found: /content/dam/temasek-corporate/home/logos-icons/2024/Logos_Wechat.svg/_jcr_content/renditions/original
2025-08-24 23:40:12 INFO: 404 Not Found: /content/dam/temasek-corporate/home/logos-icons/2024/Logos_Whatsapp.svg/_jcr_content/renditions/original
2025-08-24 23:40:12 INFO: 404 Not Found: /content/dam/temasek-corporate/home/logos-icons/2024/Logos_X.svg/_jcr_content/renditions/original
2025-08-24 23:40:12 INFO: 404 Not Found: /content/dam/temasek-corporate/home/logos-icons/2024/Logos_Youtube.svg/_jcr_content/renditions/original
2025-08-24 23:40:12 INFO: 404 Not Found: /content/dam/temasek-corporate/home/banner-images/SINGAPORE_Office_2023-4-banner-desktop.jpg
2025-08-24 23:40:12 INFO: 404 Not Found: /content/dam/temasek-corporate/about-us/banner-images/grow-your-career-with-us.jpg
2025-08-24 23:43:29 INFO: 404 Not Found: /content/dam/temasek-corporate/home/logos-icons/2024/Logos_FB.svg/_jcr_content/renditions/original
2025-08-24 23:43:29 INFO: 404 Not Found: /content/dam/temasek-corporate/home/logos-icons/logo_Instagram.svg/_jcr_content/renditions/original
2025-08-24 23:43:29 INFO: 404 Not Found: /content/dam/temasek-corporate/home/logos-icons/2024/Logos_LinkedIn.svg/_jcr_content/renditions/original
2025-08-24 23:43:29 INFO: 404 Not Found: /content/dam/temasek-corporate/home/logos-icons/2024/Logos_Telegram.svg/_jcr_content/renditions/original
2025-08-24 23:43:29 INFO: 404 Not Found: /content/dam/temasek-corporate/home/logos-icons/2024/TR24_CW_Social Logos_Tiktok.svg/_jcr_content/renditions/original
2025-08-24 23:43:29 INFO: 404 Not Found: /content/dam/temasek-corporate/home/logos-icons/2024/Logos_Wechat.svg/_jcr_content/renditions/original
2025-08-24 23:43:30 INFO: 404 Not Found: /content/dam/temasek-corporate/home/logos-icons/2024/Logos_Whatsapp.svg/_jcr_content/renditions/original
2025-08-24 23:43:30 INFO: 404 Not Found: /content/dam/temasek-corporate/home/logos-icons/2024/Logos_X.svg/_jcr_content/renditions/original
2025-08-24 23:43:30 INFO: 404 Not Found: /content/dam/temasek-corporate/home/logos-icons/2024/Logos_Youtube.svg/_jcr_content/renditions/original
2025-08-24 23:43:54 INFO: 404 Not Found: /.well-known/appspecific/com.chrome.devtools.json
2025-08-24 23:47:58 INFO: 404 Not Found: /.well-known/appspecific/com.chrome.devtools.json
2025-08-24 23:48:00 INFO: 404 Not Found: /content/dam/temasek-corporate/home/logos-icons/2024/Logos_FB.svg/_jcr_content/renditions/original
2025-08-24 23:48:00 INFO: 404 Not Found: /content/dam/temasek-corporate/home/logos-icons/logo_Instagram.svg/_jcr_content/renditions/original
2025-08-24 23:48:00 INFO: 404 Not Found: /content/dam/temasek-corporate/home/logos-icons/2024/Logos_LinkedIn.svg/_jcr_content/renditions/original
2025-08-24 23:48:00 INFO: 404 Not Found: /content/dam/temasek-corporate/home/logos-icons/2024/Logos_Telegram.svg/_jcr_content/renditions/original
2025-08-24 23:48:00 INFO: 404 Not Found: /content/dam/temasek-corporate/home/logos-icons/2024/TR24_CW_Social Logos_Tiktok.svg/_jcr_content/renditions/original
2025-08-24 23:48:00 INFO: 404 Not Found: /content/dam/temasek-corporate/home/logos-icons/2024/Logos_Wechat.svg/_jcr_content/renditions/original
2025-08-24 23:48:00 INFO: 404 Not Found: /content/dam/temasek-corporate/home/logos-icons/2024/Logos_Whatsapp.svg/_jcr_content/renditions/original
2025-08-24 23:48:00 INFO: 404 Not Found: /content/dam/temasek-corporate/home/logos-icons/2024/Logos_X.svg/_jcr_content/renditions/original
2025-08-24 23:48:00 INFO: 404 Not Found: /content/dam/temasek-corporate/home/logos-icons/2024/Logos_Youtube.svg/_jcr_content/renditions/original
2025-08-24 23:53:16 INFO: 404 Not Found: /.well-known/appspecific/com.chrome.devtools.json
2025-08-24 23:53:18 INFO: 404 Not Found: /content/dam/temasek-corporate/home/logos-icons/2024/Logos_FB.svg/_jcr_content/renditions/original
2025-08-24 23:53:18 INFO: 404 Not Found: /content/dam/temasek-corporate/home/logos-icons/logo_Instagram.svg/_jcr_content/renditions/original
2025-08-24 23:53:18 INFO: 404 Not Found: /content/dam/temasek-corporate/home/logos-icons/2024/Logos_LinkedIn.svg/_jcr_content/renditions/original
2025-08-24 23:53:18 INFO: 404 Not Found: /content/dam/temasek-corporate/home/logos-icons/2024/Logos_Telegram.svg/_jcr_content/renditions/original
2025-08-24 23:53:18 INFO: 404 Not Found: /content/dam/temasek-corporate/home/logos-icons/2024/TR24_CW_Social Logos_Tiktok.svg/_jcr_content/renditions/original
2025-08-24 23:53:18 INFO: 404 Not Found: /content/dam/temasek-corporate/home/logos-icons/2024/Logos_Wechat.svg/_jcr_content/renditions/original
2025-08-24 23:53:18 INFO: 404 Not Found: /content/dam/temasek-corporate/home/logos-icons/2024/Logos_Whatsapp.svg/_jcr_content/renditions/original
2025-08-24 23:53:18 INFO: 404 Not Found: /content/dam/temasek-corporate/home/logos-icons/2024/Logos_X.svg/_jcr_content/renditions/original
2025-08-24 23:53:18 INFO: 404 Not Found: /content/dam/temasek-corporate/home/logos-icons/2024/Logos_Youtube.svg/_jcr_content/renditions/original
2025-08-24 23:57:25 INFO: 404 Not Found: /.well-known/appspecific/com.chrome.devtools.json
2025-08-24 23:57:27 INFO: 404 Not Found: /content/dam/temasek-corporate/home/logos-icons/2024/Logos_FB.svg/_jcr_content/renditions/original
2025-08-24 23:57:27 INFO: 404 Not Found: /content/dam/temasek-corporate/home/logos-icons/logo_Instagram.svg/_jcr_content/renditions/original
2025-08-24 23:57:27 INFO: 404 Not Found: /content/dam/temasek-corporate/home/logos-icons/2024/Logos_LinkedIn.svg/_jcr_content/renditions/original
2025-08-24 23:57:27 INFO: 404 Not Found: /content/dam/temasek-corporate/home/logos-icons/2024/Logos_Telegram.svg/_jcr_content/renditions/original
2025-08-24 23:57:27 INFO: 404 Not Found: /content/dam/temasek-corporate/home/logos-icons/2024/TR24_CW_Social Logos_Tiktok.svg/_jcr_content/renditions/original
2025-08-24 23:57:27 INFO: 404 Not Found: /content/dam/temasek-corporate/home/logos-icons/2024/Logos_Wechat.svg/_jcr_content/renditions/original
2025-08-24 23:57:27 INFO: 404 Not Found: /content/dam/temasek-corporate/home/logos-icons/2024/Logos_Whatsapp.svg/_jcr_content/renditions/original
2025-08-24 23:57:27 INFO: 404 Not Found: /content/dam/temasek-corporate/home/logos-icons/2024/Logos_X.svg/_jcr_content/renditions/original
2025-08-24 23:57:27 INFO: 404 Not Found: /content/dam/temasek-corporate/home/logos-icons/2024/Logos_Youtube.svg/_jcr_content/renditions/original
2025-08-26 00:11:51 INFO: 404 Not Found: /content/dam/temasek-corporate/home/logos-icons/2024/Logos_FB.svg/_jcr_content/renditions/original
2025-08-26 00:11:51 INFO: 404 Not Found: /content/dam/temasek-corporate/home/logos-icons/logo_Instagram.svg/_jcr_content/renditions/original
2025-08-26 00:11:51 INFO: 404 Not Found: /content/dam/temasek-corporate/home/logos-icons/2024/Logos_LinkedIn.svg/_jcr_content/renditions/original
2025-08-26 00:11:51 INFO: 404 Not Found: /content/dam/temasek-corporate/home/logos-icons/2024/Logos_Telegram.svg/_jcr_content/renditions/original
2025-08-26 00:11:51 INFO: 404 Not Found: /content/dam/temasek-corporate/home/logos-icons/2024/TR24_CW_Social Logos_Tiktok.svg/_jcr_content/renditions/original
2025-08-26 00:11:51 INFO: 404 Not Found: /content/dam/temasek-corporate/home/logos-icons/2024/Logos_Wechat.svg/_jcr_content/renditions/original
2025-08-26 00:11:51 INFO: 404 Not Found: /content/dam/temasek-corporate/home/logos-icons/2024/Logos_Whatsapp.svg/_jcr_content/renditions/original
2025-08-26 00:11:51 INFO: 404 Not Found: /content/dam/temasek-corporate/home/logos-icons/2024/Logos_X.svg/_jcr_content/renditions/original
2025-08-26 00:11:52 INFO: 404 Not Found: /content/dam/temasek-corporate/home/logos-icons/2024/Logos_Youtube.svg/_jcr_content/renditions/original
2025-08-26 00:12:10 INFO: 404 Not Found: /content/dam/temasek-corporate/home/logos-icons/2024/Logos_FB.svg/_jcr_content/renditions/original
2025-08-26 00:12:10 INFO: 404 Not Found: /content/dam/temasek-corporate/home/logos-icons/logo_Instagram.svg/_jcr_content/renditions/original
2025-08-26 00:12:10 INFO: 404 Not Found: /content/dam/temasek-corporate/home/logos-icons/2024/Logos_LinkedIn.svg/_jcr_content/renditions/original
2025-08-26 00:12:10 INFO: 404 Not Found: /content/dam/temasek-corporate/home/logos-icons/2024/Logos_Telegram.svg/_jcr_content/renditions/original
2025-08-26 00:12:10 INFO: 404 Not Found: /content/dam/temasek-corporate/home/logos-icons/2024/TR24_CW_Social Logos_Tiktok.svg/_jcr_content/renditions/original
2025-08-26 00:12:10 INFO: 404 Not Found: /content/dam/temasek-corporate/home/logos-icons/2024/Logos_Wechat.svg/_jcr_content/renditions/original
2025-08-26 00:12:10 INFO: 404 Not Found: /content/dam/temasek-corporate/home/logos-icons/2024/Logos_Whatsapp.svg/_jcr_content/renditions/original
2025-08-26 00:12:11 INFO: 404 Not Found: /content/dam/temasek-corporate/home/logos-icons/2024/Logos_X.svg/_jcr_content/renditions/original
2025-08-26 00:12:11 INFO: 404 Not Found: /content/dam/temasek-corporate/home/logos-icons/2024/Logos_Youtube.svg/_jcr_content/renditions/original
2025-08-26 00:12:15 INFO: 404 Not Found: /content/dam/temasek-corporate/home/logos-icons/2024/Logos_FB.svg/_jcr_content/renditions/original
2025-08-26 00:12:15 INFO: 404 Not Found: /content/dam/temasek-corporate/home/logos-icons/logo_Instagram.svg/_jcr_content/renditions/original
2025-08-26 00:12:15 INFO: 404 Not Found: /content/dam/temasek-corporate/home/logos-icons/2024/Logos_LinkedIn.svg/_jcr_content/renditions/original
2025-08-26 00:12:15 INFO: 404 Not Found: /content/dam/temasek-corporate/home/logos-icons/2024/Logos_Telegram.svg/_jcr_content/renditions/original
2025-08-26 00:12:15 INFO: 404 Not Found: /content/dam/temasek-corporate/home/logos-icons/2024/TR24_CW_Social Logos_Tiktok.svg/_jcr_content/renditions/original
2025-08-26 00:12:15 INFO: 404 Not Found: /content/dam/temasek-corporate/home/logos-icons/2024/Logos_Wechat.svg/_jcr_content/renditions/original
2025-08-26 00:12:15 INFO: 404 Not Found: /content/dam/temasek-corporate/home/logos-icons/2024/Logos_Whatsapp.svg/_jcr_content/renditions/original
2025-08-26 00:12:15 INFO: 404 Not Found: /content/dam/temasek-corporate/home/logos-icons/2024/Logos_X.svg/_jcr_content/renditions/original
2025-08-26 00:12:15 INFO: 404 Not Found: /content/dam/temasek-corporate/home/logos-icons/2024/Logos_Youtube.svg/_jcr_content/renditions/original
2025-08-26 00:12:20 INFO: 404 Not Found: /zh/sustainability/sustainability-at-the-core
2025-08-26 00:12:20 INFO: 404 Not Found: /content/dam/temasek-corporate/home/logos-icons/2024/Logos_FB.svg/_jcr_content/renditions/original
2025-08-26 00:12:20 INFO: 404 Not Found: /content/dam/temasek-corporate/home/logos-icons/logo_Instagram.svg/_jcr_content/renditions/original
2025-08-26 00:12:20 INFO: 404 Not Found: /content/dam/temasek-corporate/home/logos-icons/2024/Logos_LinkedIn.svg/_jcr_content/renditions/original
2025-08-26 00:12:20 INFO: 404 Not Found: /content/dam/temasek-corporate/home/logos-icons/2024/Logos_Telegram.svg/_jcr_content/renditions/original
2025-08-26 00:12:20 INFO: 404 Not Found: /content/dam/temasek-corporate/home/logos-icons/2024/TR24_CW_Social Logos_Tiktok.svg/_jcr_content/renditions/original
2025-08-26 00:12:20 INFO: 404 Not Found: /content/dam/temasek-corporate/home/logos-icons/2024/Logos_Wechat.svg/_jcr_content/renditions/original
2025-08-26 00:12:20 INFO: 404 Not Found: /content/dam/temasek-corporate/home/logos-icons/2024/Logos_Whatsapp.svg/_jcr_content/renditions/original
2025-08-26 00:12:20 INFO: 404 Not Found: /content/dam/temasek-corporate/home/logos-icons/2024/Logos_X.svg/_jcr_content/renditions/original
2025-08-26 00:12:20 INFO: 404 Not Found: /content/dam/temasek-corporate/home/logos-icons/2024/Logos_Youtube.svg/_jcr_content/renditions/original
2025-08-26 18:39:52 INFO: 404 Not Found: /content/dam/temasek-corporate/home/logos-icons/2024/Logos_FB.svg/_jcr_content/renditions/original
2025-08-26 18:39:52 INFO: 404 Not Found: /content/dam/temasek-corporate/home/logos-icons/logo_Instagram.svg/_jcr_content/renditions/original
2025-08-26 18:39:52 INFO: 404 Not Found: /content/dam/temasek-corporate/home/logos-icons/2024/Logos_LinkedIn.svg/_jcr_content/renditions/original
2025-08-26 18:39:52 INFO: 404 Not Found: /content/dam/temasek-corporate/home/logos-icons/2024/Logos_Telegram.svg/_jcr_content/renditions/original
2025-08-26 18:39:52 INFO: 404 Not Found: /content/dam/temasek-corporate/home/logos-icons/2024/TR24_CW_Social Logos_Tiktok.svg/_jcr_content/renditions/original
2025-08-26 18:39:52 INFO: 404 Not Found: /content/dam/temasek-corporate/home/logos-icons/2024/Logos_Wechat.svg/_jcr_content/renditions/original
2025-08-26 18:39:52 INFO: 404 Not Found: /content/dam/temasek-corporate/home/logos-icons/2024/Logos_Whatsapp.svg/_jcr_content/renditions/original
2025-08-26 18:39:52 INFO: 404 Not Found: /content/dam/temasek-corporate/home/logos-icons/2024/Logos_X.svg/_jcr_content/renditions/original
2025-08-26 18:39:53 INFO: 404 Not Found: /content/dam/temasek-corporate/home/logos-icons/2024/Logos_Youtube.svg/_jcr_content/renditions/original
2025-08-26 18:39:58 INFO: 404 Not Found: /content/dam/temasek-corporate/home/logos-icons/2024/Logos_FB.svg/_jcr_content/renditions/original
2025-08-26 18:39:58 INFO: 404 Not Found: /content/dam/temasek-corporate/home/logos-icons/logo_Instagram.svg/_jcr_content/renditions/original
2025-08-26 18:39:58 INFO: 404 Not Found: /content/dam/temasek-corporate/home/logos-icons/2024/Logos_LinkedIn.svg/_jcr_content/renditions/original
2025-08-26 18:39:58 INFO: 404 Not Found: /content/dam/temasek-corporate/home/logos-icons/2024/Logos_Telegram.svg/_jcr_content/renditions/original
2025-08-26 18:39:58 INFO: 404 Not Found: /content/dam/temasek-corporate/home/logos-icons/2024/TR24_CW_Social Logos_Tiktok.svg/_jcr_content/renditions/original
2025-08-26 18:39:58 INFO: 404 Not Found: /content/dam/temasek-corporate/home/logos-icons/2024/Logos_Wechat.svg/_jcr_content/renditions/original
2025-08-26 18:39:58 INFO: 404 Not Found: /content/dam/temasek-corporate/home/logos-icons/2024/Logos_Whatsapp.svg/_jcr_content/renditions/original
2025-08-26 18:39:59 INFO: 404 Not Found: /content/dam/temasek-corporate/home/logos-icons/2024/Logos_X.svg/_jcr_content/renditions/original
2025-08-26 18:39:59 INFO: 404 Not Found: /content/dam/temasek-corporate/home/logos-icons/2024/Logos_Youtube.svg/_jcr_content/renditions/original
2025-08-26 18:40:03 INFO: 404 Not Found: /.well-known/appspecific/com.chrome.devtools.json
2025-08-26 18:43:55 INFO: 404 Not Found: /.well-known/appspecific/com.chrome.devtools.json
2025-08-26 18:44:02 INFO: 404 Not Found: /content/dam/temasek-corporate/home/logos-icons/2024/Logos_FB.svg/_jcr_content/renditions/original
2025-08-26 18:44:02 INFO: 404 Not Found: /content/dam/temasek-corporate/home/logos-icons/logo_Instagram.svg/_jcr_content/renditions/original
2025-08-26 18:44:03 INFO: 404 Not Found: /content/dam/temasek-corporate/home/logos-icons/2024/Logos_LinkedIn.svg/_jcr_content/renditions/original
2025-08-26 18:44:03 INFO: 404 Not Found: /content/dam/temasek-corporate/home/logos-icons/2024/Logos_Telegram.svg/_jcr_content/renditions/original
2025-08-26 18:44:03 INFO: 404 Not Found: /content/dam/temasek-corporate/home/logos-icons/2024/TR24_CW_Social Logos_Tiktok.svg/_jcr_content/renditions/original
2025-08-26 18:44:03 INFO: 404 Not Found: /content/dam/temasek-corporate/home/logos-icons/2024/Logos_Wechat.svg/_jcr_content/renditions/original
2025-08-26 18:44:03 INFO: 404 Not Found: /content/dam/temasek-corporate/home/logos-icons/2024/Logos_Whatsapp.svg/_jcr_content/renditions/original
2025-08-26 18:44:03 INFO: 404 Not Found: /content/dam/temasek-corporate/home/logos-icons/2024/Logos_X.svg/_jcr_content/renditions/original
2025-08-26 18:44:03 INFO: 404 Not Found: /content/dam/temasek-corporate/home/logos-icons/2024/Logos_Youtube.svg/_jcr_content/renditions/original
2025-08-26 18:45:51 INFO: 404 Not Found: /.well-known/appspecific/com.chrome.devtools.json
2025-08-26 18:45:54 INFO: 404 Not Found: /content/dam/temasek-corporate/home/logos-icons/2024/Logos_FB.svg/_jcr_content/renditions/original
2025-08-26 18:45:54 INFO: 404 Not Found: /content/dam/temasek-corporate/home/logos-icons/logo_Instagram.svg/_jcr_content/renditions/original
2025-08-26 18:45:54 INFO: 404 Not Found: /content/dam/temasek-corporate/home/logos-icons/2024/Logos_LinkedIn.svg/_jcr_content/renditions/original
2025-08-26 18:45:54 INFO: 404 Not Found: /content/dam/temasek-corporate/home/logos-icons/2024/Logos_Telegram.svg/_jcr_content/renditions/original
2025-08-26 18:45:55 INFO: 404 Not Found: /content/dam/temasek-corporate/home/logos-icons/2024/TR24_CW_Social Logos_Tiktok.svg/_jcr_content/renditions/original
2025-08-26 18:45:55 INFO: 404 Not Found: /content/dam/temasek-corporate/home/logos-icons/2024/Logos_Wechat.svg/_jcr_content/renditions/original
2025-08-26 18:45:55 INFO: 404 Not Found: /content/dam/temasek-corporate/home/logos-icons/2024/Logos_Whatsapp.svg/_jcr_content/renditions/original
2025-08-26 18:45:55 INFO: 404 Not Found: /content/dam/temasek-corporate/home/logos-icons/2024/Logos_X.svg/_jcr_content/renditions/original
2025-08-26 18:45:55 INFO: 404 Not Found: /content/dam/temasek-corporate/home/logos-icons/2024/Logos_Youtube.svg/_jcr_content/renditions/original
2025-08-26 19:00:01 INFO: 404 Not Found: /content/dam/temasek-corporate/home/logos-icons/2024/Logos_FB.svg/_jcr_content/renditions/original
2025-08-26 19:00:01 INFO: 404 Not Found: /content/dam/temasek-corporate/home/logos-icons/logo_Instagram.svg/_jcr_content/renditions/original
2025-08-26 19:00:01 INFO: 404 Not Found: /content/dam/temasek-corporate/home/logos-icons/2024/Logos_LinkedIn.svg/_jcr_content/renditions/original
2025-08-26 19:00:01 INFO: 404 Not Found: /content/dam/temasek-corporate/home/logos-icons/2024/Logos_Telegram.svg/_jcr_content/renditions/original
2025-08-26 19:00:01 INFO: 404 Not Found: /content/dam/temasek-corporate/home/logos-icons/2024/TR24_CW_Social Logos_Tiktok.svg/_jcr_content/renditions/original
2025-08-26 19:00:01 INFO: 404 Not Found: /content/dam/temasek-corporate/home/logos-icons/2024/Logos_Wechat.svg/_jcr_content/renditions/original
2025-08-26 19:00:01 INFO: 404 Not Found: /content/dam/temasek-corporate/home/logos-icons/2024/Logos_Whatsapp.svg/_jcr_content/renditions/original
2025-08-26 19:00:01 INFO: 404 Not Found: /content/dam/temasek-corporate/home/logos-icons/2024/Logos_X.svg/_jcr_content/renditions/original
2025-08-26 19:00:02 INFO: 404 Not Found: /content/dam/temasek-corporate/home/logos-icons/2024/Logos_Youtube.svg/_jcr_content/renditions/original
2025-08-26 19:00:04 INFO: 404 Not Found: /.well-known/appspecific/com.chrome.devtools.json
2025-08-26 19:03:11 INFO: 404 Not Found: /.well-known/appspecific/com.chrome.devtools.json
2025-08-26 19:03:13 INFO: 404 Not Found: /content/dam/temasek-corporate/home/logos-icons/2024/Logos_FB.svg/_jcr_content/renditions/original
2025-08-26 19:03:13 INFO: 404 Not Found: /content/dam/temasek-corporate/home/logos-icons/logo_Instagram.svg/_jcr_content/renditions/original
2025-08-26 19:03:13 INFO: 404 Not Found: /content/dam/temasek-corporate/home/logos-icons/2024/Logos_LinkedIn.svg/_jcr_content/renditions/original
2025-08-26 19:03:13 INFO: 404 Not Found: /content/dam/temasek-corporate/home/logos-icons/2024/Logos_Telegram.svg/_jcr_content/renditions/original
2025-08-26 19:03:13 INFO: 404 Not Found: /content/dam/temasek-corporate/home/logos-icons/2024/TR24_CW_Social Logos_Tiktok.svg/_jcr_content/renditions/original
2025-08-26 19:03:13 INFO: 404 Not Found: /content/dam/temasek-corporate/home/logos-icons/2024/Logos_Whatsapp.svg/_jcr_content/renditions/original
2025-08-26 19:03:13 INFO: 404 Not Found: /content/dam/temasek-corporate/home/logos-icons/2024/Logos_Wechat.svg/_jcr_content/renditions/original
2025-08-26 19:03:13 INFO: 404 Not Found: /content/dam/temasek-corporate/home/logos-icons/2024/Logos_X.svg/_jcr_content/renditions/original
2025-08-26 19:03:13 INFO: 404 Not Found: /content/dam/temasek-corporate/home/logos-icons/2024/Logos_Youtube.svg/_jcr_content/renditions/original
2025-08-26 19:03:49 INFO: 404 Not Found: /.well-known/appspecific/com.chrome.devtools.json
2025-08-26 19:03:51 INFO: 404 Not Found: /content/dam/temasek-corporate/home/logos-icons/2024/Logos_FB.svg/_jcr_content/renditions/original
2025-08-26 19:03:51 INFO: 404 Not Found: /content/dam/temasek-corporate/home/logos-icons/2024/Logos_LinkedIn.svg/_jcr_content/renditions/original
2025-08-26 19:03:51 INFO: 404 Not Found: /content/dam/temasek-corporate/home/logos-icons/logo_Instagram.svg/_jcr_content/renditions/original
2025-08-26 19:03:51 INFO: 404 Not Found: /content/dam/temasek-corporate/home/logos-icons/2024/Logos_Telegram.svg/_jcr_content/renditions/original
2025-08-26 19:03:51 INFO: 404 Not Found: /content/dam/temasek-corporate/home/logos-icons/2024/TR24_CW_Social Logos_Tiktok.svg/_jcr_content/renditions/original
2025-08-26 19:03:51 INFO: 404 Not Found: /content/dam/temasek-corporate/home/logos-icons/2024/Logos_Wechat.svg/_jcr_content/renditions/original
2025-08-26 19:03:51 INFO: 404 Not Found: /content/dam/temasek-corporate/home/logos-icons/2024/Logos_Whatsapp.svg/_jcr_content/renditions/original
2025-08-26 19:03:51 INFO: 404 Not Found: /content/dam/temasek-corporate/home/logos-icons/2024/Logos_X.svg/_jcr_content/renditions/original
2025-08-26 19:03:52 INFO: 404 Not Found: /content/dam/temasek-corporate/home/logos-icons/2024/Logos_Youtube.svg/_jcr_content/renditions/original
2025-08-26 19:03:59 INFO: 404 Not Found: /.well-known/appspecific/com.chrome.devtools.json
2025-08-26 19:04:01 INFO: 404 Not Found: /content/dam/temasek-corporate/home/logos-icons/2024/Logos_FB.svg/_jcr_content/renditions/original
2025-08-26 19:04:01 INFO: 404 Not Found: /content/dam/temasek-corporate/home/logos-icons/logo_Instagram.svg/_jcr_content/renditions/original
2025-08-26 19:04:01 INFO: 404 Not Found: /content/dam/temasek-corporate/home/logos-icons/2024/Logos_LinkedIn.svg/_jcr_content/renditions/original
2025-08-26 19:04:01 INFO: 404 Not Found: /content/dam/temasek-corporate/home/logos-icons/2024/Logos_Telegram.svg/_jcr_content/renditions/original
2025-08-26 19:04:01 INFO: 404 Not Found: /content/dam/temasek-corporate/home/logos-icons/2024/TR24_CW_Social Logos_Tiktok.svg/_jcr_content/renditions/original
2025-08-26 19:04:01 INFO: 404 Not Found: /content/dam/temasek-corporate/home/logos-icons/2024/Logos_Wechat.svg/_jcr_content/renditions/original
2025-08-26 19:04:01 INFO: 404 Not Found: /content/dam/temasek-corporate/home/logos-icons/2024/Logos_Whatsapp.svg/_jcr_content/renditions/original
2025-08-26 19:04:01 INFO: 404 Not Found: /content/dam/temasek-corporate/home/logos-icons/2024/Logos_X.svg/_jcr_content/renditions/original
2025-08-26 19:04:01 INFO: 404 Not Found: /content/dam/temasek-corporate/home/logos-icons/2024/Logos_Youtube.svg/_jcr_content/renditions/original
2025-08-26 19:15:34 INFO: 404 Not Found: /.well-known/appspecific/com.chrome.devtools.json
2025-08-26 19:15:36 INFO: 404 Not Found: /content/dam/temasek-corporate/home/logos-icons/2024/Logos_FB.svg/_jcr_content/renditions/original
2025-08-26 19:15:36 INFO: 404 Not Found: /content/dam/temasek-corporate/home/logos-icons/logo_Instagram.svg/_jcr_content/renditions/original
2025-08-26 19:15:36 INFO: 404 Not Found: /content/dam/temasek-corporate/home/logos-icons/2024/Logos_LinkedIn.svg/_jcr_content/renditions/original
2025-08-26 19:15:36 INFO: 404 Not Found: /content/dam/temasek-corporate/home/logos-icons/2024/Logos_Telegram.svg/_jcr_content/renditions/original
2025-08-26 19:15:36 INFO: 404 Not Found: /content/dam/temasek-corporate/home/logos-icons/2024/TR24_CW_Social Logos_Tiktok.svg/_jcr_content/renditions/original
2025-08-26 19:15:36 INFO: 404 Not Found: /content/dam/temasek-corporate/home/logos-icons/2024/Logos_Wechat.svg/_jcr_content/renditions/original
2025-08-26 19:15:36 INFO: 404 Not Found: /content/dam/temasek-corporate/home/logos-icons/2024/Logos_Whatsapp.svg/_jcr_content/renditions/original
2025-08-26 19:15:36 INFO: 404 Not Found: /content/dam/temasek-corporate/home/logos-icons/2024/Logos_X.svg/_jcr_content/renditions/original
2025-08-26 19:15:37 INFO: 404 Not Found: /content/dam/temasek-corporate/home/logos-icons/2024/Logos_Youtube.svg/_jcr_content/renditions/original
2025-08-26 19:16:45 INFO: 404 Not Found: /.well-known/appspecific/com.chrome.devtools.json
2025-08-26 19:16:47 INFO: 404 Not Found: /content/dam/temasek-corporate/home/logos-icons/logo_Instagram.svg/_jcr_content/renditions/original
2025-08-26 19:16:47 INFO: 404 Not Found: /content/dam/temasek-corporate/home/logos-icons/2024/Logos_LinkedIn.svg/_jcr_content/renditions/original
2025-08-26 19:16:47 INFO: 404 Not Found: /content/dam/temasek-corporate/home/logos-icons/2024/Logos_FB.svg/_jcr_content/renditions/original
2025-08-26 19:16:47 INFO: 404 Not Found: /content/dam/temasek-corporate/home/logos-icons/2024/Logos_Telegram.svg/_jcr_content/renditions/original
2025-08-26 19:16:47 INFO: 404 Not Found: /content/dam/temasek-corporate/home/logos-icons/2024/TR24_CW_Social Logos_Tiktok.svg/_jcr_content/renditions/original
2025-08-26 19:16:48 INFO: 404 Not Found: /content/dam/temasek-corporate/home/logos-icons/2024/Logos_Wechat.svg/_jcr_content/renditions/original
2025-08-26 19:16:48 INFO: 404 Not Found: /content/dam/temasek-corporate/home/logos-icons/2024/Logos_Whatsapp.svg/_jcr_content/renditions/original
2025-08-26 19:16:48 INFO: 404 Not Found: /content/dam/temasek-corporate/home/logos-icons/2024/Logos_X.svg/_jcr_content/renditions/original
2025-08-26 19:16:48 INFO: 404 Not Found: /content/dam/temasek-corporate/home/logos-icons/2024/Logos_Youtube.svg/_jcr_content/renditions/original
2025-08-26 19:19:15 INFO: 404 Not Found: /.well-known/appspecific/com.chrome.devtools.json
2025-08-26 19:19:26 INFO: 404 Not Found: /content/dam/temasek-corporate/home/logos-icons/2024/Logos_FB.svg/_jcr_content/renditions/original
2025-08-26 19:19:26 INFO: 404 Not Found: /content/dam/temasek-corporate/home/logos-icons/logo_Instagram.svg/_jcr_content/renditions/original
2025-08-26 19:19:26 INFO: 404 Not Found: /content/dam/temasek-corporate/home/logos-icons/2024/Logos_LinkedIn.svg/_jcr_content/renditions/original
2025-08-26 19:19:26 INFO: 404 Not Found: /content/dam/temasek-corporate/home/logos-icons/2024/Logos_Telegram.svg/_jcr_content/renditions/original
2025-08-26 19:19:26 INFO: 404 Not Found: /content/dam/temasek-corporate/home/logos-icons/2024/TR24_CW_Social Logos_Tiktok.svg/_jcr_content/renditions/original
2025-08-26 19:19:26 INFO: 404 Not Found: /content/dam/temasek-corporate/home/logos-icons/2024/Logos_Wechat.svg/_jcr_content/renditions/original
2025-08-26 19:19:26 INFO: 404 Not Found: /content/dam/temasek-corporate/home/logos-icons/2024/Logos_Whatsapp.svg/_jcr_content/renditions/original
2025-08-26 19:19:26 INFO: 404 Not Found: /content/dam/temasek-corporate/home/logos-icons/2024/Logos_X.svg/_jcr_content/renditions/original
2025-08-26 19:19:26 INFO: 404 Not Found: /content/dam/temasek-corporate/home/logos-icons/2024/Logos_Youtube.svg/_jcr_content/renditions/original
2025-08-26 19:19:46 INFO: 404 Not Found: /.well-known/appspecific/com.chrome.devtools.json
2025-08-26 19:19:56 INFO: 404 Not Found: /content/dam/temasek-corporate/home/logos-icons/2024/Logos_FB.svg/_jcr_content/renditions/original
2025-08-26 19:19:56 INFO: 404 Not Found: /content/dam/temasek-corporate/home/logos-icons/logo_Instagram.svg/_jcr_content/renditions/original
2025-08-26 19:19:56 INFO: 404 Not Found: /content/dam/temasek-corporate/home/logos-icons/2024/Logos_LinkedIn.svg/_jcr_content/renditions/original
2025-08-26 19:19:56 INFO: 404 Not Found: /content/dam/temasek-corporate/home/logos-icons/2024/Logos_Telegram.svg/_jcr_content/renditions/original
2025-08-26 19:19:56 INFO: 404 Not Found: /content/dam/temasek-corporate/home/logos-icons/2024/TR24_CW_Social Logos_Tiktok.svg/_jcr_content/renditions/original
2025-08-26 19:19:57 INFO: 404 Not Found: /content/dam/temasek-corporate/home/logos-icons/2024/Logos_Wechat.svg/_jcr_content/renditions/original
2025-08-26 19:19:57 INFO: 404 Not Found: /content/dam/temasek-corporate/home/logos-icons/2024/Logos_Whatsapp.svg/_jcr_content/renditions/original
2025-08-26 19:19:57 INFO: 404 Not Found: /content/dam/temasek-corporate/home/logos-icons/2024/Logos_X.svg/_jcr_content/renditions/original
2025-08-26 19:19:57 INFO: 404 Not Found: /content/dam/temasek-corporate/home/logos-icons/2024/Logos_Youtube.svg/_jcr_content/renditions/original
2025-08-26 19:20:09 INFO: 404 Not Found: /.well-known/appspecific/com.chrome.devtools.json
2025-08-26 19:20:22 INFO: 404 Not Found: /content/dam/temasek-corporate/home/logos-icons/2024/Logos_FB.svg/_jcr_content/renditions/original
2025-08-26 19:20:22 INFO: 404 Not Found: /content/dam/temasek-corporate/home/logos-icons/logo_Instagram.svg/_jcr_content/renditions/original
2025-08-26 19:20:23 INFO: 404 Not Found: /content/dam/temasek-corporate/home/logos-icons/2024/Logos_LinkedIn.svg/_jcr_content/renditions/original
2025-08-26 19:20:23 INFO: 404 Not Found: /content/dam/temasek-corporate/home/logos-icons/2024/Logos_Telegram.svg/_jcr_content/renditions/original
2025-08-26 19:20:23 INFO: 404 Not Found: /content/dam/temasek-corporate/home/logos-icons/2024/TR24_CW_Social Logos_Tiktok.svg/_jcr_content/renditions/original
2025-08-26 19:20:23 INFO: 404 Not Found: /content/dam/temasek-corporate/home/logos-icons/2024/Logos_Wechat.svg/_jcr_content/renditions/original
2025-08-26 19:20:24 INFO: 404 Not Found: /content/dam/temasek-corporate/home/logos-icons/2024/Logos_Whatsapp.svg/_jcr_content/renditions/original
2025-08-26 19:20:24 INFO: 404 Not Found: /content/dam/temasek-corporate/home/logos-icons/2024/Logos_X.svg/_jcr_content/renditions/original
2025-08-26 19:20:24 INFO: 404 Not Found: /content/dam/temasek-corporate/home/logos-icons/2024/Logos_Youtube.svg/_jcr_content/renditions/original
2025-08-26 19:23:02 INFO: 404 Not Found: /.well-known/appspecific/com.chrome.devtools.json
2025-08-26 19:23:13 INFO: 404 Not Found: /content/dam/temasek-corporate/home/logos-icons/2024/Logos_FB.svg/_jcr_content/renditions/original
2025-08-26 19:23:13 INFO: 404 Not Found: /content/dam/temasek-corporate/home/logos-icons/logo_Instagram.svg/_jcr_content/renditions/original
2025-08-26 19:23:13 INFO: 404 Not Found: /content/dam/temasek-corporate/home/logos-icons/2024/Logos_LinkedIn.svg/_jcr_content/renditions/original
2025-08-26 19:23:13 INFO: 404 Not Found: /content/dam/temasek-corporate/home/logos-icons/2024/Logos_Telegram.svg/_jcr_content/renditions/original
2025-08-26 19:23:13 INFO: 404 Not Found: /content/dam/temasek-corporate/home/logos-icons/2024/TR24_CW_Social Logos_Tiktok.svg/_jcr_content/renditions/original
2025-08-26 19:23:13 INFO: 404 Not Found: /content/dam/temasek-corporate/home/logos-icons/2024/Logos_Wechat.svg/_jcr_content/renditions/original
2025-08-26 19:23:13 INFO: 404 Not Found: /content/dam/temasek-corporate/home/logos-icons/2024/Logos_Whatsapp.svg/_jcr_content/renditions/original
2025-08-26 19:23:13 INFO: 404 Not Found: /content/dam/temasek-corporate/home/logos-icons/2024/Logos_X.svg/_jcr_content/renditions/original
2025-08-26 19:23:13 INFO: 404 Not Found: /content/dam/temasek-corporate/home/logos-icons/2024/Logos_Youtube.svg/_jcr_content/renditions/original
2025-08-26 19:31:55 INFO: 404 Not Found: /.well-known/appspecific/com.chrome.devtools.json
2025-08-26 19:31:56 INFO: 404 Not Found: /content/dam/temasek-corporate/home/logos-icons/2024/Logos_FB.svg/_jcr_content/renditions/original
2025-08-26 19:31:56 INFO: 404 Not Found: /content/dam/temasek-corporate/home/logos-icons/logo_Instagram.svg/_jcr_content/renditions/original
2025-08-26 19:31:56 INFO: 404 Not Found: /content/dam/temasek-corporate/home/logos-icons/2024/Logos_LinkedIn.svg/_jcr_content/renditions/original
2025-08-26 19:31:56 INFO: 404 Not Found: /content/dam/temasek-corporate/home/logos-icons/2024/Logos_Telegram.svg/_jcr_content/renditions/original
2025-08-26 19:31:56 INFO: 404 Not Found: /content/dam/temasek-corporate/home/logos-icons/2024/TR24_CW_Social Logos_Tiktok.svg/_jcr_content/renditions/original
2025-08-26 19:31:56 INFO: 404 Not Found: /content/dam/temasek-corporate/home/logos-icons/2024/Logos_Wechat.svg/_jcr_content/renditions/original
2025-08-26 19:31:56 INFO: 404 Not Found: /content/dam/temasek-corporate/home/logos-icons/2024/Logos_Whatsapp.svg/_jcr_content/renditions/original
2025-08-26 19:31:56 INFO: 404 Not Found: /content/dam/temasek-corporate/home/logos-icons/2024/Logos_X.svg/_jcr_content/renditions/original
2025-08-26 19:31:56 INFO: 404 Not Found: /content/dam/temasek-corporate/home/logos-icons/2024/Logos_Youtube.svg/_jcr_content/renditions/original
2025-08-26 19:35:17 INFO: 404 Not Found: /content/dam/temasek-corporate/home/logos-icons/2024/Logos_FB.svg/_jcr_content/renditions/original
2025-08-26 19:35:17 INFO: 404 Not Found: /content/dam/temasek-corporate/home/logos-icons/logo_Instagram.svg/_jcr_content/renditions/original
2025-08-26 19:35:17 INFO: 404 Not Found: /content/dam/temasek-corporate/home/logos-icons/2024/Logos_LinkedIn.svg/_jcr_content/renditions/original
2025-08-26 19:35:17 INFO: 404 Not Found: /content/dam/temasek-corporate/home/logos-icons/2024/Logos_Telegram.svg/_jcr_content/renditions/original
2025-08-26 19:35:17 INFO: 404 Not Found: /content/dam/temasek-corporate/home/logos-icons/2024/TR24_CW_Social Logos_Tiktok.svg/_jcr_content/renditions/original
2025-08-26 19:35:17 INFO: 404 Not Found: /content/dam/temasek-corporate/home/logos-icons/2024/Logos_Wechat.svg/_jcr_content/renditions/original
2025-08-26 19:35:17 INFO: 404 Not Found: /content/dam/temasek-corporate/home/logos-icons/2024/Logos_Whatsapp.svg/_jcr_content/renditions/original
2025-08-26 19:35:17 INFO: 404 Not Found: /content/dam/temasek-corporate/home/logos-icons/2024/Logos_X.svg/_jcr_content/renditions/original
2025-08-26 19:35:17 INFO: 404 Not Found: /content/dam/temasek-corporate/home/logos-icons/2024/Logos_Youtube.svg/_jcr_content/renditions/original
2025-08-26 19:35:34 INFO: 404 Not Found: /.well-known/appspecific/com.chrome.devtools.json
